<?xml version="1.0" encoding="UTF-8"?>
<testsuite xmlns:xsi="http://www.w3.org/2001/XMLSchema-instance" xsi:noNamespaceSchemaLocation="https://maven.apache.org/surefire/maven-surefire-plugin/xsd/surefire-test-report.xsd" version="3.0.2" name="com.intergiciel.community_service.CommunityServiceApplicationTests" time="31.633" tests="1" errors="0" skipped="0" failures="0" flakes="0">
  <properties>
[...]
</properties>
  <testcase name="contextLoads" classname="com.intergiciel.community_service.CommunityServiceApplicationTests" time="0.682">
    <system-out><![CDATA[11:41:15.320 [main] INFO org.springframework.test.context.support.AnnotationConfigContextLoaderUtils -- Could not detect default configuration classes for test class [com.intergiciel.community_service.CommunityServiceApplicationTests]: CommunityServiceApplicationTests does not declare any static, non-private, non-final, nested classes annotated with @Configuration.
11:41:15.763 [main] INFO org.springframework.boot.test.context.SpringBootTestContextBootstrapper -- Found @SpringBootConfiguration com.intergiciel.community_service.CommunityServiceApplication for test class com.intergiciel.community_service.CommunityServiceApplicationTests
11:41:16.154 [main] INFO org.springframework.test.context.support.AnnotationConfigContextLoaderUtils -- Could not detect default configuration classes for test class [com.intergiciel.community_service.CommunityServiceApplicationTests]: CommunityServiceApplicationTests does not declare any static, non-private, non-final, nested classes annotated with @Configuration.
11:41:16.159 [main] INFO org.springframework.boot.test.context.SpringBootTestContextBootstrapper -- Found @SpringBootConfiguration com.intergiciel.community_service.CommunityServiceApplication for test class com.intergiciel.community_service.CommunityServiceApplicationTests

  .   ____          _            __ _ _
 /\\ / ___'_ __ _ _(_)_ __  __ _ \ \ \ \
( ( )\___ | '_ | '_| | '_ \/ _` | \ \ \ \
 \\/  ___)| |_)| | | | | || (_| |  ) ) ) )
  '  |____| .__|_| |_|_| |_\__, | / / / /
 =========|_|==============|___/=/_/_/_/

 :: Spring Boot ::                (v4.0.6)

2026-05-05T11:41:17.694+01:00  INFO 27216 --- [community-service] [           main] c.i.c.CommunityServiceApplicationTests   : Starting CommunityServiceApplicationTests using Java 17.0.8 with PID 27216 (started by Asaph in C:\Users\Asaph\Documents\RSD\Semestre-2\Intergiciel\bukvault\community-service)
2026-05-05T11:41:17.698+01:00  INFO 27216 --- [community-service] [           main] c.i.c.CommunityServiceApplicationTests   : The following 1 profile is active: "test"
2026-05-05T11:41:23.459+01:00  INFO 27216 --- [community-service] [           main] .s.d.r.c.RepositoryConfigurationDelegate : Bootstrapping Spring Data JPA repositories in DEFAULT mode.
2026-05-05T11:41:23.724+01:00  INFO 27216 --- [community-service] [           main] .s.d.r.c.RepositoryConfigurationDelegate : Finished Spring Data repository scanning in 229 ms. Found 9 JPA repository interfaces.
2026-05-05T11:41:26.189+01:00  INFO 27216 --- [community-service] [           main] org.hibernate.orm.jpa                    : HHH008540: Processing PersistenceUnitInfo [name: default]
2026-05-05T11:41:26.470+01:00  INFO 27216 --- [community-service] [           main] org.hibernate.orm.core                   : HHH000001: Hibernate ORM core version 7.2.12.Final
2026-05-05T11:41:28.199+01:00  INFO 27216 --- [community-service] [           main] o.s.o.j.p.SpringPersistenceUnitInfo      : No LoadTimeWeaver setup: ignoring JPA class transformer
2026-05-05T11:41:28.320+01:00  INFO 27216 --- [community-service] [           main] com.zaxxer.hikari.HikariDataSource       : HikariPool-1 - Starting...
2026-05-05T11:41:28.777+01:00  INFO 27216 --- [community-service] [           main] com.zaxxer.hikari.pool.HikariPool        : HikariPool-1 - Added connection org.postgresql.jdbc.PgConnection@25c4f621
2026-05-05T11:41:28.779+01:00  INFO 27216 --- [community-service] [           main] com.zaxxer.hikari.HikariDataSource       : HikariPool-1 - Start completed.
2026-05-05T11:41:28.960+01:00  INFO 27216 --- [community-service] [           main] org.hibernate.orm.connections.pooling    : HHH10001005: Database info:
	Database JDBC URL [jdbc:postgresql://localhost:5432/bookvault_community]
	Database driver: PostgreSQL JDBC Driver
	Database dialect: PostgreSQLDialect
	Database version: 16.2
	Default catalog/schema: bookvault_community/public
	Autocommit mode: undefined/unknown
	Isolation level: READ_COMMITTED [default READ_COMMITTED]
	JDBC fetch size: none
	Pool: DataSourceConnectionProvider
	Minimum pool size: undefined/unknown
	Maximum pool size: undefined/unknown
2026-05-05T11:41:31.634+01:00  INFO 27216 --- [community-service] [           main] org.hibernate.orm.core                   : HHH000489: No JTA platform available (set 'hibernate.transaction.jta.platform' to enable JTA platform integration)
2026-05-05T11:41:31.773+01:00  INFO 27216 --- [community-service] [           main] j.LocalContainerEntityManagerFactoryBean : Initialized JPA EntityManagerFactory for persistence unit 'default'
2026-05-05T11:41:31.977+01:00  INFO 27216 --- [community-service] [           main] o.s.d.j.r.query.QueryEnhancerFactories   : Hibernate is in classpath; If applicable, HQL parser will be used.
2026-05-05T11:41:44.848+01:00  INFO 27216 --- [community-service] [           main] o.s.b.a.e.web.EndpointLinksResolver      : Exposing 1 endpoint beneath base path '/actuator'
2026-05-05T11:41:45.114+01:00  INFO 27216 --- [community-service] [           main] c.i.c.CommunityServiceApplicationTests   : Started CommunityServiceApplicationTests in 28.62 seconds (process running for 33.416)
2026-05-05T11:41:45.269+01:00  WARN 27216 --- [community-service] [           main] o.s.core.events.SpringDocAppInitializer  : SpringDoc /v3/api-docs endpoint is enabled by default. To disable it in production, set the property 'springdoc.api-docs.enabled=false'
2026-05-05T11:41:45.269+01:00  WARN 27216 --- [community-service] [           main] o.s.core.events.SpringDocAppInitializer  : SpringDoc /swagger-ui.html endpoint is enabled by default. To disable it in production, set the property 'springdoc.swagger-ui.enabled=false'
]]></system-out>
  </testcase>
</testsuite>