# JRE version: OpenJDK Runtime Environment Temurin-21.0.10+7 (21.0.10+7) (build 21.0.10+7-LTS)
# Java VM: OpenJDK 64-Bit Server VM Temurin-21.0.10+7 (21.0.10+7-LTS, mixed mode, emulated-client, sharing, tiered, compressed oops, compressed class ptrs, g1 gc, windows-amd64)
GC Precious Log:
 CardTable entry size: 512
 Card Set container configuration: InlinePtr #cards 4 size 8 Array Of Cards #cards 16 size 48 Howl #buckets 8 coarsen threshold 3686 Howl Bitmap #cards 512 size 80 coarsen threshold 460 Card regions per heap region 1 cards per card region 4096
 CPUs: 8 total, 8 available
 Memory: 16198M
 Large Page Support: Disabled
 NUMA Support: Disabled
 Compressed Oops: Enabled (Zero based)
 Heap Region Size: 2M
 Heap Min Capacity: 8M
 Heap Initial Capacity: 254M
 Heap Max Capacity: 4050M
 Pre-touch: Disabled
 Parallel Workers: 8
 Concurrent Workers: 2
 Concurrent Refinement Workers: 8
 Periodic GC: Disabled
Heap:
 garbage-first heap   total 81920K, used 46291K [0x0000000702e00000, 0x0000000800000000)
  region size 2048K, 16 young (32768K), 4 survivors (8192K)
 Metaspace       used 39536K, committed 40128K, reserved 1114112K
  class space    used 5478K, committed 5760K, reserved 1048576K
GC Heap History (14 events):
Event: 0.644 GC heap before
{Heap before GC invocations=0 (full 0):
 garbage-first heap   total 260096K, used 22528K [0x0000000702e00000, 0x0000000800000000)
  region size 2048K, 11 young (22528K), 0 survivors (0K)
 Metaspace       used 3957K, committed 4224K, reserved 1114112K
  class space    used 532K, committed 640K, reserved 1048576K
}
Event: 0.648 GC heap after
{Heap after GC invocations=1 (full 0):
 garbage-first heap   total 260096K, used 7612K [0x0000000702e00000, 0x0000000800000000)
  region size 2048K, 2 young (4096K), 2 survivors (4096K)
 Metaspace       used 3957K, committed 4224K, reserved 1114112K
  class space    used 532K, committed 640K, reserved 1048576K
}
Event: 1.161 GC heap before
{Heap before GC invocations=1 (full 0):
 garbage-first heap   total 260096K, used 30140K [0x0000000702e00000, 0x0000000800000000)
  region size 2048K, 13 young (26624K), 2 survivors (4096K)
 Metaspace       used 9890K, committed 10240K, reserved 1114112K
  class space    used 1427K, committed 1600K, reserved 1048576K
}
Event: 1.167 GC heap after
{Heap after GC invocations=2 (full 0):
 garbage-first heap   total 260096K, used 9954K [0x0000000702e00000, 0x0000000800000000)
  region size 2048K, 2 young (4096K), 2 survivors (4096K)
 Metaspace       used 9890K, committed 10240K, reserved 1114112K
  class space    used 1427K, committed 1600K, reserved 1048576K
}
Event: 1.903 GC heap before
{Heap before GC invocations=2 (full 0):
 garbage-first heap   total 260096K, used 65250K [0x0000000702e00000, 0x0000000800000000)
  region size 2048K, 30 young (61440K), 2 survivors (4096K)
 Metaspace       used 21092K, committed 21504K, reserved 1114112K
  class space    used 2921K, committed 3072K, reserved 1048576K
}
Event: 1.911 GC heap after
{Heap after GC invocations=3 (full 0):
 garbage-first heap   total 260096K, used 15082K [0x0000000702e00000, 0x0000000800000000)
  region size 2048K, 4 young (8192K), 4 survivors (8192K)
 Metaspace       used 21092K, committed 21504K, reserved 1114112K
  class space    used 2921K, committed 3072K, reserved 1048576K
}
Event: 2.216 GC heap before
{Heap before GC invocations=4 (full 0):
 garbage-first heap   total 55296K, used 39658K [0x0000000702e00000, 0x0000000800000000)
  region size 2048K, 16 young (32768K), 4 survivors (8192K)
 Metaspace       used 25304K, committed 25728K, reserved 1114112K
  class space    used 3443K, committed 3648K, reserved 1048576K
}
Event: 2.225 GC heap after
{Heap after GC invocations=5 (full 0):
 garbage-first heap   total 55296K, used 16584K [0x0000000702e00000, 0x0000000800000000)
  region size 2048K, 1 young (2048K), 1 survivors (2048K)
 Metaspace       used 25304K, committed 25728K, reserved 1114112K
  class space    used 3443K, committed 3648K, reserved 1048576K
}
Event: 2.627 GC heap before
{Heap before GC invocations=5 (full 0):
 garbage-first heap   total 55296K, used 39112K [0x0000000702e00000, 0x0000000800000000)
  region size 2048K, 12 young (24576K), 1 survivors (2048K)
 Metaspace       used 26942K, committed 27392K, reserved 1114112K
  class space    used 3698K, committed 3904K, reserved 1048576K
}
Event: 2.634 GC heap after
{Heap after GC invocations=6 (full 0):
 garbage-first heap   total 55296K, used 18201K [0x0000000702e00000, 0x0000000800000000)
  region size 2048K, 2 young (4096K), 2 survivors (4096K)
 Metaspace       used 26942K, committed 27392K, reserved 1114112K
  class space    used 3698K, committed 3904K, reserved 1048576K
}
Event: 3.416 GC heap before
{Heap before GC invocations=6 (full 0):
 garbage-first heap   total 55296K, used 40729K [0x0000000702e00000, 0x0000000800000000)
  region size 2048K, 13 young (26624K), 2 survivors (4096K)
 Metaspace       used 29690K, committed 30144K, reserved 1114112K
  class space    used 4087K, committed 4288K, reserved 1048576K
}
Event: 3.427 GC heap after
{Heap after GC invocations=7 (full 0):
 garbage-first heap   total 157696K, used 19737K [0x0000000702e00000, 0x0000000800000000)
  region size 2048K, 2 young (4096K), 2 survivors (4096K)
 Metaspace       used 29690K, committed 30144K, reserved 1114112K
  class space    used 4087K, committed 4288K, reserved 1048576K
}
Event: 5.021 GC heap before
{Heap before GC invocations=7 (full 0):
 garbage-first heap   total 157696K, used 54553K [0x0000000702e00000, 0x0000000800000000)
  region size 2048K, 20 young (40960K), 2 survivors (4096K)
 Metaspace       used 35569K, committed 36096K, reserved 1114112K
  class space    used 4945K, committed 5184K, reserved 1048576K
}
Event: 5.032 GC heap after
{Heap after GC invocations=8 (full 0):
 garbage-first heap   total 157696K, used 23763K [0x0000000702e00000, 0x0000000800000000)
  region size 2048K, 4 young (8192K), 4 survivors (8192K)
 Metaspace       used 35569K, committed 36096K, reserved 1114112K
  class space    used 4945K, committed 5184K, reserved 1048576K
}

